{"/home/sobucki/Projects/Sobucki/teste-tecnico-frontend-2025-trimestre-1/src/hooks/use-cep/use-cep.ts": {"path":"/home/sobucki/Projects/Sobucki/teste-tecnico-frontend-2025-trimestre-1/src/hooks/use-cep/use-cep.ts","all":false,"statementMap":{"0":{"start":{"line":1,"column":0},"end":{"line":1,"column":46}},"1":{"start":{"line":2,"column":0},"end":{"line":2,"column":37}},"4":{"start":{"line":5,"column":0},"end":{"line":5,"column":29}},"5":{"start":{"line":6,"column":0},"end":{"line":6,"column":52}},"7":{"start":{"line":8,"column":0},"end":{"line":8,"column":32}},"8":{"start":{"line":9,"column":0},"end":{"line":9,"column":58}},"9":{"start":{"line":10,"column":0},"end":{"line":10,"column":25}},"11":{"start":{"line":12,"column":0},"end":{"line":12,"column":11}},"12":{"start":{"line":13,"column":0},"end":{"line":13,"column":47}},"13":{"start":{"line":14,"column":0},"end":{"line":14,"column":24}},"14":{"start":{"line":15,"column":0},"end":{"line":15,"column":32}},"15":{"start":{"line":16,"column":0},"end":{"line":16,"column":73}},"16":{"start":{"line":17,"column":0},"end":{"line":17,"column":59}},"17":{"start":{"line":18,"column":0},"end":{"line":18,"column":18}},"18":{"start":{"line":19,"column":0},"end":{"line":19,"column":38}},"19":{"start":{"line":20,"column":0},"end":{"line":20,"column":42}},"20":{"start":{"line":21,"column":0},"end":{"line":21,"column":12}},"21":{"start":{"line":22,"column":0},"end":{"line":22,"column":9}},"23":{"start":{"line":24,"column":0},"end":{"line":24,"column":16}},"24":{"start":{"line":25,"column":0},"end":{"line":25,"column":38}},"25":{"start":{"line":26,"column":0},"end":{"line":26,"column":21}},"26":{"start":{"line":27,"column":0},"end":{"line":27,"column":10}},"27":{"start":{"line":28,"column":0},"end":{"line":28,"column":17}},"28":{"start":{"line":29,"column":0},"end":{"line":29,"column":28}},"29":{"start":{"line":30,"column":0},"end":{"line":30,"column":7}},"30":{"start":{"line":31,"column":0},"end":{"line":31,"column":6}},"31":{"start":{"line":32,"column":0},"end":{"line":32,"column":6}},"32":{"start":{"line":33,"column":0},"end":{"line":33,"column":4}},"34":{"start":{"line":35,"column":0},"end":{"line":35,"column":10}},"35":{"start":{"line":36,"column":0},"end":{"line":36,"column":14}},"36":{"start":{"line":37,"column":0},"end":{"line":37,"column":14}},"37":{"start":{"line":38,"column":0},"end":{"line":38,"column":4}},"38":{"start":{"line":39,"column":0},"end":{"line":39,"column":2}}},"s":{"0":1,"1":1,"4":1,"5":10,"7":10,"8":10,"9":4,"11":4,"12":4,"13":2,"14":2,"15":2,"16":1,"17":1,"18":1,"19":1,"20":1,"21":1,"23":1,"24":1,"25":1,"26":1,"27":4,"28":4,"29":4,"30":4,"31":10,"32":10,"34":10,"35":10,"36":10,"37":10,"38":10},"branchMap":{"0":{"type":"branch","line":5,"loc":{"start":{"line":5,"column":22},"end":{"line":39,"column":2}},"locations":[{"start":{"line":5,"column":22},"end":{"line":39,"column":2}}]},"1":{"type":"branch","line":9,"loc":{"start":{"line":9,"column":4},"end":{"line":31,"column":6}},"locations":[{"start":{"line":9,"column":4},"end":{"line":31,"column":6}}]},"2":{"type":"branch","line":13,"loc":{"start":{"line":13,"column":45},"end":{"line":28,"column":8}},"locations":[{"start":{"line":13,"column":45},"end":{"line":28,"column":8}}]},"3":{"type":"branch","line":16,"loc":{"start":{"line":16,"column":72},"end":{"line":28,"column":8}},"locations":[{"start":{"line":16,"column":72},"end":{"line":28,"column":8}}]},"4":{"type":"branch","line":20,"loc":{"start":{"line":20,"column":29},"end":{"line":20,"column":42}},"locations":[{"start":{"line":20,"column":29},"end":{"line":20,"column":42}}]},"5":{"type":"branch","line":28,"loc":{"start":{"line":28,"column":6},"end":{"line":28,"column":8}},"locations":[{"start":{"line":28,"column":6},"end":{"line":28,"column":8}}]}},"b":{"0":[10],"1":[4],"2":[2],"3":[1],"4":[0],"5":[0]},"fnMap":{"0":{"name":"useCep","decl":{"start":{"line":5,"column":22},"end":{"line":39,"column":2}},"loc":{"start":{"line":5,"column":22},"end":{"line":39,"column":2}},"line":5}},"f":{"0":10}}
}
